.r /Users/Eugenio/Documents/NEANIAS/GitHub/test_GDL/Code_CuTEx/CuTEx_100/GDL_libs/norm.pro
.r /Users/Eugenio/Documents/NEANIAS/GitHub/test_GDL/Code_CuTEx/CuTEx_100/GDL_libs/test_fit_ellipse.pro
.r /Users/Eugenio/Documents/NEANIAS/GitHub/test_GDL/Code_CuTEx/CuTEx_100/GDL_libs/test_label_region.pro
.r /Users/Eugenio/Documents/NEANIAS/GitHub/test_GDL/Code_CuTEx/CuTEx_100/GDL_libs/maskRoIfromVertex.pro
.r /Users/Eugenio/Documents/NEANIAS/GitHub/test_GDL/Code_CuTEx/CuTEx_100/GDL_libs/autovalori.pro
.r /Users/Eugenio/Documents/NEANIAS/GitHub/test_GDL/Code_CuTEx/CuTEx_100/libExtra/util/stdev.pro
.r /Users/Eugenio/Documents/NEANIAS/GitHub/test_GDL/Code_CuTEx/CuTEx_100/libExtra/util/uniq.pro
.r /Users/Eugenio/Documents/NEANIAS/GitHub/test_GDL/Code_CuTEx/CuTEx_100/Utilities/inside.pro
.r /Users/Eugenio/Documents/NEANIAS/GitHub/test_GDL/Code_CuTEx/CuTEx_100/Utilities/strsplit.pro
.r /Users/Eugenio/Documents/NEANIAS/GitHub/test_GDL/Code_CuTEx/CuTEx_100/Utilities/nearint.pro
.r /Users/Eugenio/Documents/NEANIAS/GitHub/test_GDL/Code_CuTEx/CuTEx_100/Utilities/pad_parameter.pro
.r /Users/Eugenio/Documents/NEANIAS/GitHub/test_GDL/Code_CuTEx/CuTEx_100/Utilities/pix_dist.pro
.r /Users/Eugenio/Documents/NEANIAS/GitHub/test_GDL/Code_CuTEx/CuTEx_100/Utilities/wheretomulti.pro
.r /Users/Eugenio/Documents/NEANIAS/GitHub/test_GDL/Code_CuTEx/CuTEx_100/Utilities/make_options.pro
.r /Users/Eugenio/Documents/NEANIAS/GitHub/test_GDL/Code_CuTEx/CuTEx_100/Utilities/sfit.pro
.r /Users/Eugenio/Documents/NEANIAS/GitHub/test_GDL/Code_CuTEx/CuTEx_100/libExtra/astrolib/pro/datatype.pro
.r /Users/Eugenio/Documents/NEANIAS/GitHub/test_GDL/Code_CuTEx/CuTEx_100/libExtra/astrolib/pro/tag_exist.pro
.r /Users/Eugenio/Documents/NEANIAS/GitHub/test_GDL/Code_CuTEx/CuTEx_100/libExtra/astrolib/pro/sixty.pro
.r /Users/Eugenio/Documents/NEANIAS/GitHub/test_GDL/Code_CuTEx/CuTEx_100/libExtra/astrolib/pro/euler.pro
.r /Users/Eugenio/Documents/NEANIAS/GitHub/test_GDL/Code_CuTEx/CuTEx_100/libExtra/astrolib/pro/heuler.pro
.r /Users/Eugenio/Documents/NEANIAS/GitHub/test_GDL/Code_CuTEx/CuTEx_100/libExtra/astrolib/pro/numlines.pro
.r /Users/Eugenio/Documents/NEANIAS/GitHub/test_GDL/Code_CuTEx/CuTEx_100/libExtra/astrolib/pro/sxpar.pro
.r /Users/Eugenio/Documents/NEANIAS/GitHub/test_GDL/Code_CuTEx/CuTEx_100/libExtra/astrolib/pro/fxpar.pro
.r /Users/Eugenio/Documents/NEANIAS/GitHub/test_GDL/Code_CuTEx/CuTEx_100/libExtra/astrolib/pro/wcssph2xy.pro
.r /Users/Eugenio/Documents/NEANIAS/GitHub/test_GDL/Code_CuTEx/CuTEx_100/libExtra/astrolib/pro/wcsxy2sph.pro
.r /Users/Eugenio/Documents/NEANIAS/GitHub/test_GDL/Code_CuTEx/CuTEx_100/libExtra/astrolib/pro/wcs_rotate.pro
.r /Users/Eugenio/Documents/NEANIAS/GitHub/test_GDL/Code_CuTEx/CuTEx_100/libExtra/astrolib/pro/get_equinox.pro
.r /Users/Eugenio/Documents/NEANIAS/GitHub/test_GDL/Code_CuTEx/CuTEx_100/libExtra/astrolib/pro/xyad.pro
.r /Users/Eugenio/Documents/NEANIAS/GitHub/test_GDL/Code_CuTEx/CuTEx_100/libExtra/astrolib/pro/xy2ad.pro
.r /Users/Eugenio/Documents/NEANIAS/GitHub/test_GDL/Code_CuTEx/CuTEx_100/libExtra/astrolib/pro/adxy.pro
.r /Users/Eugenio/Documents/NEANIAS/GitHub/test_GDL/Code_CuTEx/CuTEx_100/libExtra/astrolib/pro/ad2xy.pro
.r /Users/Eugenio/Documents/NEANIAS/GitHub/test_GDL/Code_CuTEx/CuTEx_100/libExtra/astrolib/pro/sxaddpar.pro
.r /Users/Eugenio/Documents/NEANIAS/GitHub/test_GDL/Code_CuTEx/CuTEx_100/libExtra/astrolib/pro/sxaddhist.pro
.r /Users/Eugenio/Documents/NEANIAS/GitHub/test_GDL/Code_CuTEx/CuTEx_100/libExtra/astrolib/pro/sxdelpar.pro
.r /Users/Eugenio/Documents/NEANIAS/GitHub/test_GDL/Code_CuTEx/CuTEx_100/libExtra/astrolib/pro/gettok.pro
.r /Users/Eugenio/Documents/NEANIAS/GitHub/test_GDL/Code_CuTEx/CuTEx_100/libExtra/astrolib/pro/extast.pro
.r /Users/Eugenio/Documents/NEANIAS/GitHub/test_GDL/Code_CuTEx/CuTEx_100/libExtra/astrolib/pro/putast.pro
.r /Users/Eugenio/Documents/NEANIAS/GitHub/test_GDL/Code_CuTEx/CuTEx_100/libExtra/astrolib/pro/valid_num.pro
.r /Users/Eugenio/Documents/NEANIAS/GitHub/test_GDL/Code_CuTEx/CuTEx_100/libExtra/astrolib/pro/zparcheck.pro
.r /Users/Eugenio/Documents/NEANIAS/GitHub/test_GDL/Code_CuTEx/CuTEx_100/libExtra/astrolib/pro/remchar.pro
.r /Users/Eugenio/Documents/NEANIAS/GitHub/test_GDL/Code_CuTEx/CuTEx_100/libExtra/astrolib/pro/readfits.pro
.r /Users/Eugenio/Documents/NEANIAS/GitHub/test_GDL/Code_CuTEx/CuTEx_100/libExtra/astrolib/pro/check_fits.pro
.r /Users/Eugenio/Documents/NEANIAS/GitHub/test_GDL/Code_CuTEx/CuTEx_100/libExtra/astrolib/pro/writefits.pro
.r /Users/Eugenio/Documents/NEANIAS/GitHub/test_GDL/Code_CuTEx/CuTEx_100/libExtra/astrolib/pro/nint.pro
.r /Users/Eugenio/Documents/NEANIAS/GitHub/test_GDL/Code_CuTEx/CuTEx_100/libExtra/astrolib/pro/idl_validname.pro
.r /Users/Eugenio/Documents/NEANIAS/GitHub/test_GDL/Code_CuTEx/CuTEx_100/libExtra/read_ipac_table.pro
.r /Users/Eugenio/Documents/NEANIAS/GitHub/test_GDL/Code_CuTEx/CuTEx_100/mpfit/gauss1.pro
.r /Users/Eugenio/Documents/NEANIAS/GitHub/test_GDL/Code_CuTEx/CuTEx_100/mpfit/gauss1p.pro
.r /Users/Eugenio/Documents/NEANIAS/GitHub/test_GDL/Code_CuTEx/CuTEx_100/mpfit/gauss2.pro
.r /Users/Eugenio/Documents/NEANIAS/GitHub/test_GDL/Code_CuTEx/CuTEx_100/mpfit/mpchilim.pro
.r /Users/Eugenio/Documents/NEANIAS/GitHub/test_GDL/Code_CuTEx/CuTEx_100/mpfit/mpchitest.pro
.r /Users/Eugenio/Documents/NEANIAS/GitHub/test_GDL/Code_CuTEx/CuTEx_100/mpfit/mpcurvefit.pro
.r /Users/Eugenio/Documents/NEANIAS/GitHub/test_GDL/Code_CuTEx/CuTEx_100/mpfit/mpfit.pro
.r /Users/Eugenio/Documents/NEANIAS/GitHub/test_GDL/Code_CuTEx/CuTEx_100/mpfit/mpfit2dfun.pro
.r /Users/Eugenio/Documents/NEANIAS/GitHub/test_GDL/Code_CuTEx/CuTEx_100/mpfit/mpfit2dpeak.pro
.r /Users/Eugenio/Documents/NEANIAS/GitHub/test_GDL/Code_CuTEx/CuTEx_100/mpfit/mpfitellipse.pro
.r /Users/Eugenio/Documents/NEANIAS/GitHub/test_GDL/Code_CuTEx/CuTEx_100/mpfit/mpfitexpr.pro
.r /Users/Eugenio/Documents/NEANIAS/GitHub/test_GDL/Code_CuTEx/CuTEx_100/mpfit/mpfitfun.pro
.r /Users/Eugenio/Documents/NEANIAS/GitHub/test_GDL/Code_CuTEx/CuTEx_100/mpfit/mpfitpeak.pro
.r /Users/Eugenio/Documents/NEANIAS/GitHub/test_GDL/Code_CuTEx/CuTEx_100/mpfit/mpftest.pro
.r /Users/Eugenio/Documents/NEANIAS/GitHub/test_GDL/Code_CuTEx/CuTEx_100/mpfit/mpnormlim.pro
.r /Users/Eugenio/Documents/NEANIAS/GitHub/test_GDL/Code_CuTEx/CuTEx_100/mpfit/mpnormtest.pro
.r /Users/Eugenio/Documents/NEANIAS/GitHub/test_GDL/Code_CuTEx/CuTEx_100/mpfit/setfitparm.pro
.r /Users/Eugenio/Documents/NEANIAS/GitHub/test_GDL/Code_CuTEx/CuTEx_100/mpfit/tnmin.pro
.r /Users/Eugenio/Documents/NEANIAS/GitHub/test_GDL/Code_CuTEx/CuTEx_100/CutEdges/make_mask.pro
.r /Users/Eugenio/Documents/NEANIAS/GitHub/test_GDL/Code_CuTEx/CuTEx_100/CutEdges/read_region.pro
.r /Users/Eugenio/Documents/NEANIAS/GitHub/test_GDL/Code_CuTEx/CuTEx_100/Fitting/fit_ellipse.pro
.r /Users/Eugenio/Documents/NEANIAS/GitHub/test_GDL/Code_CuTEx/CuTEx_100/Detection/check_nan.pro
.r /Users/Eugenio/Documents/NEANIAS/GitHub/test_GDL/Code_CuTEx/CuTEx_100/Detection/deriv_45.pro
.r /Users/Eugenio/Documents/NEANIAS/GitHub/test_GDL/Code_CuTEx/CuTEx_100/Detection/deriv_5.pro
.r /Users/Eugenio/Documents/NEANIAS/GitHub/test_GDL/Code_CuTEx/CuTEx_100/Detection/sdev_der.pro
.r /Users/Eugenio/Documents/NEANIAS/GitHub/test_GDL/Code_CuTEx/CuTEx_100/Detection/find_sources.pro
.r /Users/Eugenio/Documents/NEANIAS/GitHub/test_GDL/Code_CuTEx/CuTEx_100/Detection/im_deriv.pro
.r /Users/Eugenio/Documents/NEANIAS/GitHub/test_GDL/Code_CuTEx/CuTEx_100/Detection/im_local_thresh.pro
.r /Users/Eugenio/Documents/NEANIAS/GitHub/test_GDL/Code_CuTEx/CuTEx_100/Detection/im_threshold.pro
.r /Users/Eugenio/Documents/NEANIAS/GitHub/test_GDL/Code_CuTEx/CuTEx_100/Detection/remove_regions_new.pro
.r /Users/Eugenio/Documents/NEANIAS/GitHub/test_GDL/Code_CuTEx/CuTEx_100/Detection/remove_regions.pro
.r /Users/Eugenio/Documents/NEANIAS/GitHub/test_GDL/Code_CuTEx/CuTEx_100/Detection/save_reg.pro
.r /Users/Eugenio/Documents/NEANIAS/GitHub/test_GDL/Code_CuTEx/CuTEx_100/Detection/sou_size.pro
.r /Users/Eugenio/Documents/NEANIAS/GitHub/test_GDL/Code_CuTEx/CuTEx_100/Detection/make_sigma.pro
.r /Users/Eugenio/Documents/NEANIAS/GitHub/test_GDL/Code_CuTEx/CuTEx_100/Detection/neigh_single.pro
.r /Users/Eugenio/Documents/NEANIAS/GitHub/test_GDL/Code_CuTEx/CuTEx_100/Detection/detection.pro
.r /Users/Eugenio/Documents/NEANIAS/GitHub/test_GDL/Code_CuTEx/CuTEx_100/Extraction/check_mask.pro
.r /Users/Eugenio/Documents/NEANIAS/GitHub/test_GDL/Code_CuTEx/CuTEx_100/Extraction/fit_deriv.pro
.r /Users/Eugenio/Documents/NEANIAS/GitHub/test_GDL/Code_CuTEx/CuTEx_100/Extraction/mpfit_plane.pro
.r /Users/Eugenio/Documents/NEANIAS/GitHub/test_GDL/Code_CuTEx/CuTEx_100/Extraction/mpfit_plane_2ord.pro
.r /Users/Eugenio/Documents/NEANIAS/GitHub/test_GDL/Code_CuTEx/CuTEx_100/Extraction/mpfit_plane_points.pro
.r /Users/Eugenio/Documents/NEANIAS/GitHub/test_GDL/Code_CuTEx/CuTEx_100/Extraction/multi_funct_back.pro
.r /Users/Eugenio/Documents/NEANIAS/GitHub/test_GDL/Code_CuTEx/CuTEx_100/Extraction/multi_funct.pro
.r /Users/Eugenio/Documents/NEANIAS/GitHub/test_GDL/Code_CuTEx/CuTEx_100/Extraction/plane_funct.pro
.r /Users/Eugenio/Documents/NEANIAS/GitHub/test_GDL/Code_CuTEx/CuTEx_100/Extraction/quadric_funct.pro
.r /Users/Eugenio/Documents/NEANIAS/GitHub/test_GDL/Code_CuTEx/CuTEx_100/Extraction/grp_src.pro
.r /Users/Eugenio/Documents/NEANIAS/GitHub/test_GDL/Code_CuTEx/CuTEx_100/Extraction/make_gauss.pro
.r /Users/Eugenio/Documents/NEANIAS/GitHub/test_GDL/Code_CuTEx/CuTEx_100/Extraction/res_photo.pro
.r /Users/Eugenio/Documents/NEANIAS/GitHub/test_GDL/Code_CuTEx/CuTEx_100/Extraction/group_sources.pro
.r /Users/Eugenio/Documents/NEANIAS/GitHub/test_GDL/Code_CuTEx/CuTEx_100/Extraction/mpfit_gaussians.pro
.r /Users/Eugenio/Documents/NEANIAS/GitHub/test_GDL/Code_CuTEx/CuTEx_100/Extraction/extract_photo.pro


